<?xml version="1.0" encoding="UTF-8"?>
<!-- Generated by org.testng.reporters.JUnitXMLReporter -->
<testsuite hostname="WIN-NFDCINOH1RK" ignored="0" name="Default test" tests="5" failures="0" timestamp="2020-02-27T08:56:04 UTC" time="0.829" errors="0">
  <testcase name="@BeforeTest beforeTest" time="-1.582793764065E9" classname="SeleniumPkg.DataProviderTest">
    <failure type="org.testng.TestNGException" message="
Can inject only one of &amp;lt;ITestContext, XmlTest&amp;gt; into a @BeforeTest annotated beforeTest.
For more information on native dependency injection please refer to http://testng.org/doc/documentation-main.html#native-dependency-injection">
      <![CDATA[org.testng.TestNGException: 
Can inject only one of <ITestContext, XmlTest> into a @BeforeTest annotated beforeTest.
For more information on native dependency injection please refer to http://testng.org/doc/documentation-main.html#native-dependency-injection
at org.testng.internal.Parameters.checkParameterTypes(Parameters.java:441)
at org.testng.internal.Parameters.createParametersForMethod(Parameters.java:355)
at org.testng.internal.Parameters.createParameters(Parameters.java:712)
at org.testng.internal.Parameters.createConfigurationParameters(Parameters.java:166)
at org.testng.internal.ConfigInvoker.invokeConfigurations(ConfigInvoker.java:283)
at org.testng.TestRunner.invokeTestConfigurations(TestRunner.java:619)
at org.testng.TestRunner.beforeRun(TestRunner.java:609)
at org.testng.TestRunner.run(TestRunner.java:580)
at org.testng.SuiteRunner.runTest(SuiteRunner.java:384)
at org.testng.SuiteRunner.runSequentially(SuiteRunner.java:378)
at org.testng.SuiteRunner.privateRun(SuiteRunner.java:337)
at org.testng.SuiteRunner.run(SuiteRunner.java:286)
at org.testng.SuiteRunnerWorker.runSuite(SuiteRunnerWorker.java:53)
at org.testng.SuiteRunnerWorker.run(SuiteRunnerWorker.java:96)
at org.testng.TestNG.runSuitesSequentially(TestNG.java:1187)
at org.testng.TestNG.runSuitesLocally(TestNG.java:1109)
at org.testng.TestNG.runSuites(TestNG.java:1039)
at org.testng.TestNG.run(TestNG.java:1007)
at org.testng.remote.AbstractRemoteTestNG.run(AbstractRemoteTestNG.java:115)
at org.testng.remote.RemoteTestNG.initAndRun(RemoteTestNG.java:251)
at org.testng.remote.RemoteTestNG.main(RemoteTestNG.java:77)
]]>
    </failure>
  </testcase> <!-- @BeforeTest beforeTest -->
  <testcase name="@AfterTest afterTest" time="-1.582793764882E9" classname="SeleniumPkg.DataProviderTest">
    <skipped/>
  </testcase> <!-- @AfterTest afterTest -->
  <testcase name="testDDT" time="0.0" classname="SeleniumPkg.DataProviderTest">
    <skipped/>
  </testcase> <!-- testDDT -->
  <testcase name="testDDT" time="0.0" classname="SeleniumPkg.DataProviderTest">
    <skipped/>
  </testcase> <!-- testDDT -->
  <testcase name="testDDT" time="0.0" classname="SeleniumPkg.DataProviderTest">
    <skipped/>
  </testcase> <!-- testDDT -->
  <testcase name="testLoginDemoableShop" time="0.0" classname="SeleniumPkg.DataProviderTest">
    <skipped/>
  </testcase> <!-- testLoginDemoableShop -->
  <testcase name="testLoginDemoableShop" time="0.0" classname="SeleniumPkg.DataProviderTest">
    <skipped/>
  </testcase> <!-- testLoginDemoableShop -->
</testsuite> <!-- Default test -->
