<?xml version="1.0" encoding="UTF-8"?>
<!-- Generated by org.testng.reporters.JUnitXMLReporter -->
<testsuite hostname="WIN-NFDCINOH1RK" ignored="1" name="TestCase3" tests="2" failures="0" timestamp="2020-02-27T08:52:20 UTC" time="0.167" errors="0">
  <testcase name="@BeforeTest beforeTest" time="0.027" classname="SeleniumPkg.DataProviderTest">
    <failure type="org.openqa.selenium.WebDriverException" message="Cannot find firefox binary in PATH. Make sure firefox is installed. OS appears to be: WIN8
Build info: version: &amp;apos;3.141.59&amp;apos;, revision: &amp;apos;e82be7d358&amp;apos;, time: &amp;apos;2018-11-14T08:17:03&amp;apos;
System info: host: &amp;apos;WIN-NFDCINOH1RK&amp;apos;, ip: &amp;apos;172.31.45.188&amp;apos;, os.name: &amp;apos;Windows Server 2012 R2&amp;apos;, os.arch: &amp;apos;amd64&amp;apos;, os.version: &amp;apos;6.3&amp;apos;, java.version: &amp;apos;1.8.0_231&amp;apos;
Driver info: driver.version: FirefoxDriver">
      <![CDATA[org.openqa.selenium.WebDriverException: Cannot find firefox binary in PATH. Make sure firefox is installed. OS appears to be: WIN8
Build info: version: '3.141.59', revision: 'e82be7d358', time: '2018-11-14T08:17:03'
System info: host: 'WIN-NFDCINOH1RK', ip: '172.31.45.188', os.name: 'Windows Server 2012 R2', os.arch: 'amd64', os.version: '6.3', java.version: '1.8.0_231'
Driver info: driver.version: FirefoxDriver
at org.openqa.selenium.firefox.FirefoxBinary.<init>(FirefoxBinary.java:100)
at java.util.Optional.orElseGet(Unknown Source)
at org.openqa.selenium.firefox.FirefoxOptions.getBinary(FirefoxOptions.java:216)
at org.openqa.selenium.firefox.FirefoxDriver.toExecutor(FirefoxDriver.java:187)
at org.openqa.selenium.firefox.FirefoxDriver.<init>(FirefoxDriver.java:147)
at org.openqa.selenium.firefox.FirefoxDriver.<init>(FirefoxDriver.java:125)
at SeleniumPkg.DataProviderTest.beforeTest(DataProviderTest.java:41)
... Removed 24 stack frames]]>
    </failure>
  </testcase> <!-- @BeforeTest beforeTest -->
  <testcase name="@AfterTest afterTest" time="-1.582793540168E9" classname="SeleniumPkg.DataProviderTest">
    <skipped/>
  </testcase> <!-- @AfterTest afterTest -->
  <testcase name="testLoginDemoableShop" time="0.0" classname="SeleniumPkg.DataProviderTest">
    <skipped/>
  </testcase> <!-- testLoginDemoableShop -->
  <testcase name="testLoginDemoableShop" time="0.0" classname="SeleniumPkg.DataProviderTest">
    <skipped/>
  </testcase> <!-- testLoginDemoableShop -->
  <testcase name="testDDT" time="0.0" classname="SeleniumPkg.DataProviderTest">
    <ignored/>
  </testcase> <!-- testDDT -->
</testsuite> <!-- TestCase3 -->
